0 info it worked if it ends with ok
1 verbose cli [ '/usr/bin/node',
1 verbose cli   '/usr/bin/npm',
1 verbose cli   'install',
1 verbose cli   'cookie-parser',
1 verbose cli   '--save' ]
2 info using npm@3.5.2
3 info using node@v8.10.0
4 silly loadCurrentTree Starting
5 silly install loadCurrentTree
6 silly install readLocalPackageData
7 silly fetchPackageMetaData cookie-parser
8 silly fetchNamedPackageData cookie-parser
9 silly mapToRegistry name cookie-parser
10 silly mapToRegistry using default registry
11 silly mapToRegistry registry https://registry.npmjs.org/
12 silly mapToRegistry uri https://registry.npmjs.org/cookie-parser
13 verbose request uri https://registry.npmjs.org/cookie-parser
14 verbose request no auth needed
15 info attempt registry request try #1 at 5:21:09 PM
16 verbose request id 75e23dacdf33c2fa
17 http request GET https://registry.npmjs.org/cookie-parser
18 info retry will retry, error on last attempt: Error: connect ENETUNREACH 104.16.22.35:443
19 info attempt registry request try #2 at 5:21:20 PM
20 http request GET https://registry.npmjs.org/cookie-parser
21 info retry will retry, error on last attempt: Error: connect ENETUNREACH 104.16.21.35:443
22 info attempt registry request try #3 at 5:22:20 PM
23 http request GET https://registry.npmjs.org/cookie-parser
24 silly fetchPackageMetaData Error: connect ENETUNREACH 104.16.21.35:443
24 silly fetchPackageMetaData     at Object._errnoException (util.js:1022:11)
24 silly fetchPackageMetaData     at _exceptionWithHostPort (util.js:1044:20)
24 silly fetchPackageMetaData     at TCPConnectWrap.afterConnect [as oncomplete] (net.js:1198:14)
24 silly fetchPackageMetaData  error for cookie-parser { Error: connect ENETUNREACH 104.16.21.35:443
24 silly fetchPackageMetaData     at Object._errnoException (util.js:1022:11)
24 silly fetchPackageMetaData     at _exceptionWithHostPort (util.js:1044:20)
24 silly fetchPackageMetaData     at TCPConnectWrap.afterConnect [as oncomplete] (net.js:1198:14)
24 silly fetchPackageMetaData   code: 'ENETUNREACH',
24 silly fetchPackageMetaData   errno: 'ENETUNREACH',
24 silly fetchPackageMetaData   syscall: 'connect',
24 silly fetchPackageMetaData   address: '104.16.21.35',
24 silly fetchPackageMetaData   port: 443 }
25 silly rollbackFailedOptional Starting
26 silly rollbackFailedOptional Finishing
27 silly runTopLevelLifecycles Starting
28 silly runTopLevelLifecycles Finishing
29 silly install printInstalled
30 verbose stack Error: connect ENETUNREACH 104.16.21.35:443
30 verbose stack     at Object._errnoException (util.js:1022:11)
30 verbose stack     at _exceptionWithHostPort (util.js:1044:20)
30 verbose stack     at TCPConnectWrap.afterConnect [as oncomplete] (net.js:1198:14)
31 verbose cwd /home/hiep/Desktop/Web/NodeJS_Express/bai1-hello-coders-tokyo
32 error Linux 4.15.0-55-generic
33 error argv "/usr/bin/node" "/usr/bin/npm" "install" "cookie-parser" "--save"
34 error node v8.10.0
35 error npm  v3.5.2
36 error code ENETUNREACH
37 error errno ENETUNREACH
38 error syscall connect
39 error connect ENETUNREACH 104.16.21.35:443
40 error If you need help, you may report this error at:
40 error     <https://github.com/npm/npm/issues>
41 verbose exit [ 1, true ]
